{
  "RSpec": {
    "coverage": {
      "/home/max/workspace/todo_api/config/environment.rb": [
        null,
        null,
        null,
        1,
        null,
        null,
        1
      ],
      "/home/max/workspace/todo_api/config/application.rb": [
        null,
        null,
        1,
        null,
        1,
        null,
        null,
        null,
        1,
        null,
        1,
        1,
        1,
        null,
        1,
        1,
        null,
        1,
        1,
        1,
        1,
        1,
        null,
        null,
        null,
        null,
        null,
        null,
        null
      ],
      "/home/max/workspace/todo_api/config/boot.rb": [
        null,
        null,
        1,
        null,
        1
      ],
      "/home/max/workspace/todo_api/config/environments/test.rb": [
        null,
        null,
        1,
        null,
        null,
        null,
        null,
        null,
        null,
        1,
        null,
        null,
        null,
        null,
        1,
        null,
        null,
        1,
        1,
        null,
        null,
        null,
        null,
        1,
        1,
        null,
        null,
        1,
        null,
        null,
        1,
        1,
        null,
        null,
        null,
        null,
        1,
        null,
        null,
        1,
        null,
        null,
        null,
        null
      ],
      "/home/max/workspace/todo_api/config/initializers/apipie.rb": [
        1,
        1,
        1,
        1,
        null,
        1,
        1,
        1,
        1,
        null
      ],
      "/home/max/workspace/todo_api/config/initializers/application_controller_renderer.rb": [
        null,
        null,
        null,
        null,
        null,
        null,
        null,
        null,
        null,
        null
      ],
      "/home/max/workspace/todo_api/config/initializers/assets.rb": [
        null,
        null,
        null,
        null,
        null,
        1,
        null,
        null,
        null,
        null,
        1,
        null,
        null,
        null,
        null,
        null
      ],
      "/home/max/workspace/todo_api/config/initializers/backtrace_silencers.rb": [
        null,
        null,
        null,
        null,
        null,
        null,
        null,
        null,
        null
      ],
      "/home/max/workspace/todo_api/config/initializers/carrierwave.rb": [
        1,
        1,
        null,
        1,
        1,
        null,
        null,
        null,
        null,
        null,
        1,
        null
      ],
      "/home/max/workspace/todo_api/config/initializers/cookies_serializer.rb": [
        null,
        null,
        null,
        null,
        null,
        null,
        1
      ],
      "/home/max/workspace/todo_api/config/initializers/filter_parameter_logging.rb": [
        null,
        null,
        null,
        null,
        null,
        1
      ],
      "/home/max/workspace/todo_api/config/initializers/inflections.rb": [
        null,
        null,
        null,
        null,
        null,
        null,
        null,
        null,
        null,
        null,
        null,
        null,
        null,
        null,
        null,
        null,
        null,
        null
      ],
      "/home/max/workspace/todo_api/config/initializers/mime_types.rb": [
        null,
        null,
        null,
        null,
        null,
        null
      ],
      "/home/max/workspace/todo_api/config/initializers/wrap_parameters.rb": [
        null,
        null,
        null,
        null,
        null,
        null,
        null,
        null,
        1,
        2,
        null,
        null,
        null,
        null,
        null,
        null
      ],
      "/home/max/workspace/todo_api/spec/factories/comments.rb": [
        1,
        1,
        22,
        1,
        null,
        1,
        1,
        null,
        null,
        null,
        null,
        null,
        null
      ],
      "/home/max/workspace/todo_api/spec/factories/projects.rb": [
        1,
        1,
        16,
        1,
        null,
        1,
        1,
        null,
        null,
        null
      ],
      "/home/max/workspace/todo_api/spec/factories/tasks.rb": [
        1,
        1,
        11,
        1,
        1,
        null,
        1,
        1,
        null,
        null,
        1,
        1,
        null,
        null,
        1,
        1,
        0,
        null,
        null,
        null,
        1,
        1,
        null,
        null,
        null
      ],
      "/home/max/workspace/todo_api/spec/factories/users.rb": [
        1,
        1,
        31,
        1,
        1,
        null,
        1,
        1,
        1,
        1,
        null,
        null,
        1,
        1,
        null,
        null,
        1,
        1,
        null,
        null,
        1,
        1,
        null,
        null,
        1,
        1,
        null,
        null,
        1,
        1,
        null,
        null,
        1,
        1,
        1,
        null,
        null,
        1,
        1,
        1,
        null,
        null,
        null
      ],
      "/home/max/workspace/todo_api/config/routes.rb": [
        null,
        null,
        1,
        1,
        1,
        1,
        1,
        1,
        1,
        null,
        null,
        1,
        1,
        1,
        1,
        null,
        null,
        1,
        1,
        null,
        null,
        null
      ],
      "/home/max/workspace/todo_api/spec/models/comment_spec.rb": [
        1,
        null,
        1,
        2,
        2,
        null
      ],
      "/home/max/workspace/todo_api/app/models/comment.rb": [
        null,
        null,
        null,
        1,
        1,
        null,
        1,
        null,
        1,
        1,
        1,
        null
      ],
      "/home/max/workspace/todo_api/app/models/application_record.rb": [
        null,
        null,
        1,
        1,
        null
      ],
      "/home/max/workspace/todo_api/app/uploaders/image_uploader.rb": [
        1,
        null,
        null,
        null,
        null,
        null,
        null,
        null,
        null,
        1,
        1,
        null,
        0,
        null,
        null,
        null,
        null,
        1,
        1,
        null,
        null,
        null,
        null,
        null,
        null,
        null,
        null,
        null,
        null,
        null,
        null,
        null,
        null,
        null,
        null,
        null,
        null,
        null,
        null,
        null,
        null,
        null,
        null,
        1,
        4,
        null,
        null,
        null,
        null,
        null,
        null,
        null,
        null
      ],
      "/home/max/workspace/todo_api/spec/models/project_spec.rb": [
        1,
        null,
        1,
        2,
        2,
        2,
        null
      ],
      "/home/max/workspace/todo_api/app/models/project.rb": [
        null,
        null,
        null,
        1,
        1,
        12,
        null,
        1,
        1,
        null
      ],
      "/home/max/workspace/todo_api/spec/models/task_spec.rb": [
        1,
        null,
        1,
        2,
        2,
        2,
        null
      ],
      "/home/max/workspace/todo_api/app/models/task.rb": [
        null,
        null,
        null,
        1,
        1,
        1,
        null,
        1,
        null,
        1,
        null
      ],
      "/home/max/workspace/todo_api/spec/models/user_spec.rb": [
        1,
        null,
        1,
        11,
        null,
        2,
        2,
        2,
        2,
        2,
        2,
        2,
        2,
        2,
        2,
        null
      ],
      "/home/max/workspace/todo_api/app/models/user.rb": [
        null,
        null,
        null,
        1,
        1,
        null,
        1,
        null,
        1,
        1,
        1,
        1,
        null
      ],
      "/home/max/workspace/todo_api/spec/requests/comments_spec.rb": [
        1,
        null,
        1,
        5,
        5,
        5,
        5,
        5,
        5,
        null,
        5,
        5,
        null,
        1,
        1,
        1,
        1,
        1,
        1,
        1,
        null,
        null,
        null,
        1,
        1,
        1,
        1,
        1,
        null,
        null,
        null,
        1,
        1,
        1,
        1,
        1,
        1,
        null,
        null,
        null,
        1,
        1,
        1,
        1,
        null,
        null,
        null
      ],
      "/home/max/workspace/todo_api/spec/requests/projects_spec.rb": [
        1,
        null,
        1,
        6,
        6,
        2,
        3,
        3,
        null,
        6,
        null,
        1,
        1,
        1,
        1,
        1,
        1,
        1,
        null,
        null,
        null,
        1,
        1,
        1,
        1,
        1,
        null,
        null,
        null,
        1,
        1,
        3,
        1,
        1,
        1,
        null,
        null,
        null,
        1,
        1,
        1,
        1,
        1,
        1,
        1,
        null,
        null,
        null,
        1,
        1,
        1,
        1,
        null,
        null,
        null
      ],
      "/home/max/workspace/todo_api/spec/requests/tasks_spec.rb": [
        1,
        null,
        1,
        5,
        5,
        5,
        2,
        3,
        2,
        5,
        null,
        1,
        1,
        1,
        1,
        1,
        1,
        1,
        null,
        null,
        null,
        1,
        1,
        1,
        1,
        1,
        null,
        null,
        null,
        1,
        1,
        1,
        1,
        1,
        1,
        1,
        null,
        null,
        null,
        1,
        1,
        1,
        1,
        null,
        null,
        null
      ],
      "/home/max/workspace/todo_api/spec/requests/users_spec.rb": [
        1,
        null,
        1,
        3,
        null,
        1,
        1,
        1,
        1,
        1,
        null,
        null,
        1,
        3,
        1,
        1,
        null,
        null,
        1,
        null,
        null,
        1,
        1,
        1,
        1,
        null,
        null,
        1,
        1,
        1,
        1,
        null,
        null,
        1,
        1,
        1,
        1,
        null,
        null,
        1,
        1,
        1,
        1,
        null,
        null,
        null,
        null,
        1,
        2,
        null,
        1,
        1,
        1,
        1,
        1,
        null,
        null,
        1,
        1,
        3,
        3,
        null,
        null,
        1,
        1,
        1,
        null,
        null,
        1,
        1,
        1,
        null,
        null,
        1,
        1,
        1,
        null,
        null,
        null,
        null
      ],
      "/home/max/workspace/todo_api/app/commands/authenticate_user.rb": [
        1,
        1,
        null,
        1,
        19,
        19,
        null,
        null,
        1,
        19,
        null,
        null,
        1,
        null,
        1,
        null,
        1,
        35,
        35,
        null,
        3,
        null,
        null,
        null
      ],
      "/home/max/workspace/todo_api/lib/json_web_token.rb": [
        1,
        1,
        1,
        16,
        16,
        null,
        null,
        1,
        28,
        28,
        null,
        0,
        null,
        null,
        null
      ],
      "/home/max/workspace/todo_api/app/controllers/api/v1/comments_controller.rb": [
        1,
        1,
        1,
        1,
        null,
        1,
        1,
        1,
        null,
        null,
        1,
        2,
        2,
        null,
        null,
        1,
        1,
        1,
        null,
        1,
        1,
        null,
        null,
        1,
        1,
        null,
        1,
        0,
        null,
        null,
        1,
        1,
        1,
        1,
        null,
        1,
        2,
        null,
        2,
        2,
        null,
        0,
        null,
        null,
        null,
        1,
        1,
        1,
        null,
        1,
        0,
        0,
        null,
        0,
        null,
        null,
        null,
        1,
        1,
        null,
        1,
        1,
        null,
        null,
        1,
        null,
        1,
        4,
        null,
        null
      ],
      "/home/max/workspace/todo_api/app/controllers/application_controller.rb": [
        null,
        null,
        1,
        1,
        1,
        1,
        1,
        null,
        1,
        1,
        null,
        1,
        null,
        1,
        14,
        14,
        null,
        null,
        1,
        52,
        null,
        null,
        1,
        0,
        null,
        null
      ],
      "/home/max/workspace/todo_api/app/commands/authorize_api_request.rb": [
        1,
        1,
        null,
        1,
        28,
        null,
        null,
        1,
        28,
        null,
        null,
        1,
        null,
        1,
        null,
        1,
        28,
        28,
        null,
        null,
        1,
        56,
        null,
        null,
        1,
        28,
        28,
        null,
        0,
        null,
        null,
        null,
        null
      ],
      "/home/max/workspace/todo_api/app/models/ability.rb": [
        1,
        1,
        null,
        1,
        14,
        14,
        14,
        14,
        null,
        null,
        null
      ],
      "/home/max/workspace/todo_api/app/controllers/api/v1/projects_controller.rb": [
        1,
        1,
        null,
        1,
        1,
        1,
        null,
        null,
        1,
        null,
        1,
        1,
        null,
        null,
        1,
        1,
        null,
        1,
        0,
        null,
        null,
        1,
        1,
        null,
        1,
        3,
        null,
        3,
        2,
        1,
        1,
        null,
        0,
        null,
        null,
        null,
        1,
        1,
        1,
        null,
        1,
        1,
        1,
        0,
        0,
        null,
        0,
        null,
        null,
        null,
        1,
        1,
        null,
        1,
        1,
        null,
        null,
        1,
        null,
        1,
        13,
        null,
        null
      ],
      "/home/max/workspace/todo_api/app/controllers/api/v1/tasks_controller.rb": [
        1,
        1,
        1,
        null,
        1,
        1,
        1,
        null,
        null,
        1,
        1,
        null,
        1,
        1,
        null,
        null,
        1,
        1,
        null,
        1,
        0,
        null,
        null,
        1,
        1,
        1,
        null,
        1,
        1,
        null,
        1,
        1,
        null,
        0,
        null,
        null,
        null,
        1,
        1,
        1,
        1,
        null,
        1,
        1,
        null,
        1,
        1,
        null,
        0,
        null,
        null,
        null,
        1,
        1,
        null,
        1,
        1,
        null,
        null,
        1,
        null,
        1,
        3,
        null,
        null
      ],
      "/home/max/workspace/todo_api/app/commands/update_task.rb": [
        1,
        1,
        null,
        1,
        1,
        1,
        null,
        null,
        1,
        1,
        1,
        null,
        null,
        1,
        null,
        1,
        null,
        1,
        0,
        0,
        0,
        0,
        null,
        null,
        null
      ],
      "/home/max/workspace/todo_api/app/controllers/api/v1/auth/users_controller.rb": [
        1,
        1,
        null,
        1,
        1,
        1,
        null,
        null,
        1,
        1,
        1,
        1,
        1,
        7,
        null,
        7,
        2,
        null,
        2,
        null,
        2,
        5,
        1,
        null,
        4,
        null,
        null,
        null,
        1,
        1,
        1,
        1,
        1,
        4,
        null,
        4,
        1,
        null,
        null,
        3,
        null,
        null,
        null,
        1,
        null,
        1,
        7,
        null,
        null
      ]
    },
    "timestamp": 1533301679
  }
}
